[ Net ]
0

[ Hash Table ]
  14: CCCC1 -> CCCC0 -> End
  27: AC000 -> End
  54: AAAA3 -> AAAA2 -> AAAA1 -> AAAA0 -> End
 162: BBBB6 -> BBBB5 -> BBBB4 -> BBBB3 -> BBBB2 -> BBBB1 -> End
 191: ZZZZ0 -> End
 246: NTHU6 -> NTHU5 -> NTHU4 -> NTHU3 -> NTHU2 -> NTHU1 -> NTHU0 -> End

[ Danshui - Electric Heap ]
       ZZZZ0          33
       CCCC0          33

[ Danshui - Lady Heap ]
       NTHU6           3
       NTHU5          20

[ Danshui - Road Heap ]
       BBBB1           5
       BBBB5           5
       BBBB3           5
       BBBB4           7
       BBBB2           6
       BBBB6           8

[ Danshui - Hybrid Heap ]
       AAAA0          13

[ Xinpu - Lady Heap ]
       NTHU0          59

[ Ximen - Electric Heap ]
       CCCC1          33
       AC000          33

[ Liuzhangli - Hybrid Heap ]
       AAAA1          37
       AAAA2          40
       AAAA3          37

[ Jingmei - Lady Heap ]
       NTHU2           0
       NTHU1           3
       NTHU3           1
       NTHU4          15

